生成启动时间为 2015/5/13 14:31:26。
     1>项目“F:\Game\Game.vcxproj”在节点 2 上(build 个目标)。
     1>InitializeBuildStatus:
         正在创建“.\Debug\Game.unsuccessfulbuild”，因为已指定“AlwaysCreate”。
       ClCompile:
         所有输出均为最新。
       ResourceCompile:
         C:\Program Files (x86)\Microsoft SDKs\Windows\v7.0A\bin\rc.exe /D _DEBUG /D _VC80_UPGRADE=0x0600 /l"0x0804" /nologo /fo".\Debug\bitmap.res" bitmap.rc 
       ManifestResourceCompile:
         所有输出均为最新。
       Link:
         d:\VS2010\VC\bin\link.exe /ERRORREPORT:PROMPT /OUT:".\Debug\Game.exe" /INCREMENTAL /NOLOGO odbc32.lib odbccp32.lib kernel32.lib user32.lib gdi32.lib winspool.lib comdlg32.lib advapi32.lib shell32.lib ole32.lib oleaut32.lib uuid.lib odbc32.lib odbccp32.lib /MANIFEST /ManifestFile:".\Debug\Game.exe.intermediate.manifest" /MANIFESTUAC:"level='asInvoker' uiAccess='false'" /DEBUG /PDB:"F:\Game\Debug\Game.pdb" /SUBSYSTEM:WINDOWS /TLBID:1 /DYNAMICBASE /NXCOMPAT /IMPLIB:".\Debug\Game.lib" /MACHINE:X86 .\Debug\bitmap.res
         .\Debug\Game.exe.embed.manifest.res
         .\Debug\WinMain.obj
       Manifest:
         C:\Program Files (x86)\Microsoft SDKs\Windows\v7.0A\bin\mt.exe /nologo /verbose /out:".\Debug\Game.exe.embed.manifest" /manifest .\Debug\Game.exe.intermediate.manifest
         所有输出均为最新。
       LinkEmbedManifest:
         所有输出均为最新。
         Game.vcxproj -> F:\Game\.\Debug\Game.exe
       FinalizeBuildStatus:
         正在删除文件“.\Debug\Game.unsuccessfulbuild”。
         正在对“.\Debug\Game.lastbuildstate”执行 Touch 任务。
     1>已完成生成项目“F:\Game\Game.vcxproj”(build 个目标)的操作。

生成成功。

已用时间 00:00:00.67
